Simple Tests
(null)
0x602000000010
(nil)
1234
2147483647
-2147483648
%
(null) string 1\ string 2\ string 3\ string 4\
0x602000000010 (nil) 0x1f4 0x7ffee9c09000
1234 2147483647 2147483647 0
97 98 63 64 e
Complicated tests 0x602000000010 1234 4 8 o (nil) (null)
More complicated tests : here's some random format in a string :%d %s %p %c %i  0x602000000010                                                                                                     1234            4 8 o                                                                                                         (nil) (null)                                              
%s %s %10s %10d         10
   2147483647   -2147483648          precision & padding string test
-0000000002147483648
-0000000002147483648
-0000000002147483648
-50                 
-0000000000000002147483648    

